Arguments: 
  /home/rambo/.nvm/versions/node/v17.3.0/bin/node /home/rambo/.yarn/bin/yarn.js add web3.js

PATH: 
  /home/rambo/.local/share/solana/install/active_release/bin:/home/rambo/.yarn/bin:/home/rambo/.config/yarn/global/node_modules/.bin:/home/rambo/.cargo/bin:/home/rambo/.nvm/versions/node/v17.3.0/bin:/usr/local/sbin:/usr/local/bin:/usr/sbin:/usr/bin:/sbin:/bin:/usr/games:/usr/local/games:/mnt/c/Program Files/WindowsApps/CanonicalGroupLimited.Ubuntu20.04onWindows_2004.2021.825.0_x64__79rhkp1fndgsc:/mnt/c/Program Files (x86)/Common Files/Oracle/Java/javapath:/mnt/c/Windows/System32:/mnt/c/Windows:/mnt/c/Windows/System32/wbem:/mnt/c/Windows/System32/WindowsPowerShell/v1.0:/mnt/c/Windows/System32/OpenSSH:/mnt/c/Program Files (x86)/NVIDIA Corporation/PhysX/Common:/mnt/c/Program Files/Microsoft VS Code/bin:/mnt/c/Program Files/Git/cmd:/mnt/c/Program Files/dotnet:/mnt/c/Program Files (x86)/Microsoft SQL Server/150/DTS/Binn:/mnt/c/Program Files (x86)/Microsoft SQL Server/150/Tools/Binn:/mnt/c/Program Files/Microsoft SQL Server/150/Tools/Binn:/mnt/c/Program Files/Microsoft SQL Server/150/DTS/Binn:/mnt/c/Program Files/Microsoft SQL Server/Client SDK/ODBC/170/Tools/Binn:/mnt/c/ProgramData/chocolatey/bin:/mnt/c/cygwin64/bin:/mnt/c/Users/mccay/AppData/Roaming/Microsoft/Windows/Start Menu/Programs/Python 3.9:/mnt/c/Users/mccay/AppData/Local/Programs/Python/Python39:/mnt/c/Program Files/OpenJDK/openjdk-8u292-b10/bin:/mnt/c/Users/mccay/AppData/Local/Android/Sdk/platform-tools:/mnt/c/Program Files/PowerShell/7:/mnt/c/Program Files/nodejs:/mnt/c/Program Files/Amazon/AWSCLIV2:/mnt/c/Ruby30-x64/bin:/mnt/c/Users/mccay/AppData/Local/Microsoft/WindowsApps:/mnt/c/Users/mccay/AppData/Roaming/npm:/mnt/c/Users/mccay/.dotnet/tools:/mnt/c/Program Files/Azure Data Studio/bin:/snap/bin

Yarn version: 
  1.22.17

Node version: 
  17.3.0

Platform: 
  linux x64

Trace: 
  Error: https://registry.yarnpkg.com/web3.js: Not found
      at Request.params.callback [as _callback] (/home/rambo/.yarn/lib/cli.js:67029:18)
      at Request.self.callback (/home/rambo/.yarn/lib/cli.js:140883:22)
      at Request.emit (node:events:390:28)
      at Request.<anonymous> (/home/rambo/.yarn/lib/cli.js:141855:10)
      at Request.emit (node:events:390:28)
      at IncomingMessage.<anonymous> (/home/rambo/.yarn/lib/cli.js:141777:12)
      at Object.onceWrapper (node:events:509:28)
      at IncomingMessage.emit (node:events:402:35)
      at endReadableNT (node:internal/streams/readable:1343:12)
      at processTicksAndRejections (node:internal/process/task_queues:83:21)

npm manifest: 
  {
    "name": "client",
    "version": "1.0.0",
    "main": "index.js",
    "license": "MIT",
    "devDependencies": {
      "@types/node": "^17.0.6",
      "typescript": "^4.5.4"
    }
  }

yarn manifest: 
  No manifest

Lockfile: 
  # THIS IS AN AUTOGENERATED FILE. DO NOT EDIT THIS FILE DIRECTLY.
  # yarn lockfile v1
  
  
  "@types/node@^17.0.6":
    version "17.0.6"
    resolved "https://registry.yarnpkg.com/@types/node/-/node-17.0.6.tgz#cc1589c9ee853b389e67e8fb4384e0f250a139b9"
    integrity sha512-+XBAjfZmmivILUzO0HwBJoYkAyyySSLg5KCGBDFLomJo0sV6szvVLAf4ANZZ0pfWzgEds5KmGLG9D5hfEqOhaA==
  
  typescript@^4.5.4:
    version "4.5.4"
    resolved "https://registry.yarnpkg.com/typescript/-/typescript-4.5.4.tgz#a17d3a0263bf5c8723b9c52f43c5084edf13c2e8"
    integrity sha512-VgYs2A2QIRuGphtzFV7aQJduJ2gyfTljngLzjpfW9FoYZF6xuw1W0vW9ghCKLfcWrCFxK81CSGRAvS1pn4fIUg==
